2025-02-17 19:19:27 - INFO - '2025-02-17 19:19:27' new_today_str
2025-02-17 19:22:16 - INFO - '171' collected articles
2025-02-17 19:22:16 - INFO - '121' unique articles before neg check
2025-02-17 19:22:16 - INFO - '6' unique new articles after neg check
2025-02-17 19:22:16 - INFO - '302' titles read
2025-02-17 19:22:20 - INFO - '6' articles to Excel

2025-02-17 19:37:54 - INFO - '2025-02-17 19:37:54' new_today_str
2025-02-17 19:40:40 - INFO - '173' collected articles
2025-02-17 19:40:40 - INFO - '173' unique articles before neg check
2025-02-17 19:40:40 - INFO - '62' unique new articles after neg check
2025-02-17 19:40:40 - INFO - '0' titles read
2025-02-17 19:40:50 - INFO - '62' articles to Excel

2025-02-17 19:45:18 - INFO - '2025-02-17 19:45:18' new_today_str
2025-02-17 19:48:05 - INFO - '177' collected articles
2025-02-17 19:48:05 - INFO - '123' unique articles before neg check
2025-02-17 19:48:05 - INFO - '6' unique new articles after neg check
2025-02-17 19:48:05 - INFO - '55' titles read
2025-02-17 19:48:08 - INFO - '6' articles to Excel

2025-02-17 20:00:24 - INFO - '2025-02-17 20:00:24' new_today_str
2025-02-17 20:03:16 - INFO - '178' collected articles
2025-02-17 20:03:16 - INFO - '178' unique articles before neg check
2025-02-17 20:03:16 - INFO - '178' unique new articles after neg check
2025-02-17 20:03:16 - INFO - '0' titles read
2025-02-17 20:05:16 - INFO - '168' articles to Excel

2025-02-17 20:21:26 - INFO - '2025-02-17 20:21:26' new_today_str
2025-02-17 20:24:21 - INFO - '175' collected articles
2025-02-17 20:24:21 - INFO - '175' unique articles before neg check
2025-02-17 20:24:21 - INFO - '175' unique new articles after neg check
2025-02-17 20:24:21 - INFO - '0' titles read
2025-02-17 20:26:16 - INFO - '274' articles to Excel

